<?xml version="1.0" encoding="UTF-8"?>
<testng-results ignored="0" total="1" passed="1" failed="0" skipped="0">
  <reporter-output>
  </reporter-output>
  <suite started-at="2024-10-01T06:46:55 IST" name="Default suite" finished-at="2024-10-01T06:47:00 IST" duration-ms="5177">
    <groups>
    </groups>
    <test started-at="2024-10-01T06:46:55 IST" name="Default test" finished-at="2024-10-01T06:47:00 IST" duration-ms="5177">
      <class name="com.w2a.Testcase.LoginTest">
        <test-method is-config="true" signature="setup()[pri:0, instance:com.w2a.Testcase.LoginTest@126253fd]" started-at="2024-10-01T06:46:39 IST" name="setup" finished-at="2024-10-01T06:46:55 IST" duration-ms="16110" status="PASS">
          <reporter-output>
          </reporter-output>
        </test-method> <!-- setup -->
        <test-method signature="LoginTricentisApp()[pri:0, instance:com.w2a.Testcase.LoginTest@126253fd]" started-at="2024-10-01T06:46:55 IST" name="LoginTricentisApp" finished-at="2024-10-01T06:47:00 IST" duration-ms="5135" status="PASS">
          <reporter-output>
          </reporter-output>
        </test-method> <!-- LoginTricentisApp -->
        <test-method is-config="true" signature="teardown()[pri:0, instance:com.w2a.Testcase.LoginTest@126253fd]" started-at="2024-10-01T06:47:00 IST" name="teardown" finished-at="2024-10-01T06:47:01 IST" duration-ms="321" status="PASS">
          <reporter-output>
          </reporter-output>
        </test-method> <!-- teardown -->
      </class> <!-- com.w2a.Testcase.LoginTest -->
    </test> <!-- Default test -->
  </suite> <!-- Default suite -->
</testng-results>
